Active-HDL 13.0.376.8320 2023-05-02 10:22:10

Elaboration top modules:
Architecture                  behaviour(interface)


--------------------------------------------------------------------------------------------
Entity    | Architecture | Library | Info | Compiler Version          | Compilation Options
--------------------------------------------------------------------------------------------
interface | behaviour    | lab3    |      | 13.0.376.8320 (Windows64) | -O3
--------------------------------------------------------------------------------------------

--------------------------------------------------------------------------------------------
VHDL Package             | Library | Info | Compiler Version          | Compilation Options
--------------------------------------------------------------------------------------------
standard                 | std     |      |                           | <unavailable>
TEXTIO                   | std     |      | 13.0.376.8320 (Windows64) |  -2019
std_logic_1164           | ieee    |      | 13.0.376.8320 (Windows64) |  -2008
--------------------------------------------------------------------------------------------

--------------------------------------------------------------------------------------------
Library                  | Comment
--------------------------------------------------------------------------------------------
ieee                     | Standard IEEE packages library
lab3                     | None
std                      | Standard VHDL library
--------------------------------------------------------------------------------------------
