Active-HDL 13.0.376.8320 2023-04-25 21:04:23

Elaboration top modules:
Architecture                  comp(comp)


-------------------------------------------------------------------------------------------
Entity   | Architecture | Library | Info | Compiler Version          | Compilation Options
-------------------------------------------------------------------------------------------
comp     | comp         | lab4    |      | 13.0.376.8320 (Windows64) | -O3
-------------------------------------------------------------------------------------------

-------------------------------------------------------------------------------------------
VHDL Package            | Library | Info | Compiler Version          | Compilation Options
-------------------------------------------------------------------------------------------
standard                | std     |      |                           | <unavailable>
TEXTIO                  | std     |      | 13.0.376.8320 (Windows64) |  -2019
std_logic_1164          | ieee    |      | 13.0.376.8320 (Windows64) |  -2008
-------------------------------------------------------------------------------------------

-------------------------------------------------------------------------------------------
Library                 | Comment
-------------------------------------------------------------------------------------------
ieee                    | Standard IEEE packages library
lab4                    | None
std                     | Standard VHDL library
-------------------------------------------------------------------------------------------
