# ELBREAD: Elaboration process.
# ELBREAD: Elaboration time 0.0 [s].
# Error: couldn't read file "C:Tcl/lib/aldec/templates/common/gui_items.tcl": no such file or directory
#     while executing
# "source [ file join $aldec Tcl lib aldec templates common gui_items.tcl ]"
#     (file "C:/tcl/lib/aldec/scripts/flowtools.tcl" line 41)
#     invoked from within
# "source [file join $dirTmp scripts flowtools.tcl]"
#     (file "C:/tcl/lib/aldec/slave.tcl" line 82)
#     invoked from within
# "source "C:/tcl/lib/aldec/slave.tcl""
#     invoked from within
# "interp eval $slave "source \"$init_file\"""
#     invoked from within
# "if {![info exists slave] || ![interp exists $slave]} {
# 	set slave [interp create slave_interp]
# 	interp eval $slave set tcl_interactive 1
# 	if {![info e..."
# Error: couldn't read file "C:Tcl/lib/aldec/templates/common/gui_items.tcl": no such file or directory
#     while executing
# "source [ file join $aldec Tcl lib aldec templates common gui_items.tcl ]"
#     (file "C:/tcl/lib/aldec/scripts/MultivendorTools.tcl" line 20)
#     invoked from within
# "source C:/tcl/lib/aldec/scripts/MultivendorTools.tcl"
#     ("package ifneeded ::aldec::MultivendorTools 1.0" script)
#     invoked from within
# "package require ::aldec::MultivendorTools"
#     (file "C:/Tcl/lib/aldec/templates/mv/flow.tcl" line 26)
#     invoked from within
# "source {C:/Tcl/lib/aldec/templates/mv/flow.tcl}"
#     invoked from within
# "interp eval $slave "source $source_file""
# Waveform file 'untitled.awc' connected to 'C:/My_Designs/lab5/src/Wform_new_shift.asdb'.
# Waveform file 'C:/My_Designs/lab5/src/Wform_new_shift.awc' connected to 'C:/My_Designs/lab5/src/Wform_new_shift.asdb'.
# Waveform file 'untitled.awc' connected to 'C:/My_Designs/lab5/src/Wform_new_shift.asdb'.
# Waveform file 'untitled.awc' connected to 'C:/My_Designs/lab5/src/Wform_new_shift.asdb'.
acom -O3 -e 100 -work lab5 -2002  $dsn/src/new_shift_reg.vhd
# Warning: DAGGEN_0523: The source is compiled without the -dbg switch. Line breakpoints and assertion debug will not be available.
# File: C:/My_Designs/lab5/src/new_shift_reg.vhd
# Compile Entity "reg_8bit"
# Compile Architecture "Behavioral" of Entity "reg_8bit"
# Compile success 0 Errors 0 Warnings  Analysis time :  0.1 [s]
asim -O5 +access +r +m+reg_8bit reg_8bit Behavioral
# ELBREAD: Elaboration process.
# ELBREAD: Elaboration time 0.0 [s].
# VSIM: Stack memory: 32MB
# VSIM: Retval memory: 32MB
# 
# KERNEL: Main thread initiated.
# KERNEL: Kernel process initialization phase.
# ELAB2: Elaboration final pass...
# ELAB2: Create instances ...
# KERNEL: Time resolution set to 1ps.
# ELAB2: Create instances complete.
# SLP: Started
# SLP: Elaboration phase ...
# SLP: Elaboration phase ... skipped, nothing to simulate in SLP mode : 0.0 [s]
# SLP: Finished : 0.0 [s]
# ELAB2: Elaboration final pass complete - time: 0.1 [s].
# KERNEL: Warning: You are using the Active-HDL Student Edition. The performance of simulation is running at a reduced rate.
# KERNEL: Warning: Contact Aldec for available upgrade options - sales@aldec.com.
# KERNEL: Kernel process initialization done.
# Allocation: Simulator allocated 5397 kB (elbread=427 elab2=4831 kernel=139 sdf=0)
# KERNEL: ASDB file was created in location C:\My_Designs\lab5\src\wave.asdb
# Stimuli: Warning: The stimuli set "StimuliSet14" has been made inactive.
#  19:07, 27 квітня 2023 р.
#  Simulation has been initialized
# add wave -noreg {/reg_8bit/reg_data}
# add wave -noreg {/reg_8bit/CLK}
# add wave -noreg {/reg_8bit/RESET}
# add wave -noreg {/reg_8bit/data_in}
# add wave -noreg {/reg_8bit/WE}
# add wave -noreg {/reg_8bit/RE}
# add wave -noreg {/reg_8bit/SHIFT}
# add wave -noreg {/reg_8bit/data_out}
acom -O3 -e 100 -work lab5 -2002  $dsn/src/new_shift_reg.vhd
# Warning: DAGGEN_0523: The source is compiled without the -dbg switch. Line breakpoints and assertion debug will not be available.
# File: C:/My_Designs/lab5/src/new_shift_reg.vhd
# Compile Entity "reg_8bit"
# Compile Architecture "Behavioral" of Entity "reg_8bit"
# Compile success 0 Errors 0 Warnings  Analysis time :  46.0 [ms]
endsim
# VSIM: Simulation has finished.
asim -O5 +access +r +m+reg_8bit reg_8bit Behavioral
# ELBREAD: Elaboration process.
# ELBREAD: Elaboration time 0.0 [s].
# VSIM: Stack memory: 32MB
# VSIM: Retval memory: 32MB
# 
# KERNEL: Main thread initiated.
# KERNEL: Kernel process initialization phase.
# ELAB2: Elaboration final pass...
# ELAB2: Create instances ...
# KERNEL: Time resolution set to 1ps.
# ELAB2: Create instances complete.
# SLP: Started
# SLP: Elaboration phase ...
# SLP: Elaboration phase ... skipped, nothing to simulate in SLP mode : 0.0 [s]
# SLP: Finished : 0.0 [s]
# ELAB2: Elaboration final pass complete - time: 0.0 [s].
# KERNEL: Warning: You are using the Active-HDL Student Edition. The performance of simulation is running at a reduced rate.
# KERNEL: Warning: Contact Aldec for available upgrade options - sales@aldec.com.
# KERNEL: Kernel process initialization done.
# Allocation: Simulator allocated 5397 kB (elbread=427 elab2=4831 kernel=139 sdf=0)
# KERNEL: ASDB file was created in location C:\My_Designs\lab5\src\wave.asdb
#  19:08, 27 квітня 2023 р.
#  Simulation has been initialized
# add wave -noreg {/reg_8bit/reg_data}
# add wave -noreg {/reg_8bit/CLK}
# add wave -noreg {/reg_8bit/RESET}
# add wave -noreg {/reg_8bit/data_in}
# add wave -noreg {/reg_8bit/WE}
# add wave -noreg {/reg_8bit/RE}
# add wave -noreg {/reg_8bit/SHIFT}
# add wave -noreg {/reg_8bit/data_out}
# VSIM: 8 object(s) traced.
# Waveform file 'untitled.awc' connected to 'C:/My_Designs/lab5/src/wave.asdb'.
run
endsim
# KERNEL: stopped at time: 8611800 ns
# VSIM: Simulation has finished.
asim -O5 +access +r +m+reg_8bit reg_8bit Behavioral
# ELBREAD: Elaboration process.
# ELBREAD: Elaboration time 0.0 [s].
# VSIM: Stack memory: 32MB
# VSIM: Retval memory: 32MB
# 
# KERNEL: Main thread initiated.
# KERNEL: Kernel process initialization phase.
# ELAB2: Elaboration final pass...
# ELAB2: Create instances ...
# KERNEL: Time resolution set to 1ps.
# ELAB2: Create instances complete.
# SLP: Started
# SLP: Elaboration phase ...
# SLP: Elaboration phase ... skipped, nothing to simulate in SLP mode : 0.0 [s]
# SLP: Finished : 0.0 [s]
# ELAB2: Elaboration final pass complete - time: 0.0 [s].
# KERNEL: Warning: You are using the Active-HDL Student Edition. The performance of simulation is running at a reduced rate.
# KERNEL: Warning: Contact Aldec for available upgrade options - sales@aldec.com.
# KERNEL: Kernel process initialization done.
# Allocation: Simulator allocated 5397 kB (elbread=427 elab2=4831 kernel=139 sdf=0)
# KERNEL: ASDB file was created in location C:\My_Designs\lab5\src\wave.asdb
# Stimuli: Warning: The stimuli set "StimuliSet15" has been made inactive.
#  19:12, 27 квітня 2023 р.
#  Simulation has been initialized
# add wave -noreg {/reg_8bit/reg_data}
# add wave -noreg {/reg_8bit/CLK}
# add wave -noreg {/reg_8bit/RESET}
# add wave -noreg {/reg_8bit/data_in}
# add wave -noreg {/reg_8bit/WE}
# add wave -noreg {/reg_8bit/RE}
# add wave -noreg {/reg_8bit/SHIFT}
# add wave -noreg {/reg_8bit/data_out}
# VSIM: 8 object(s) traced.
# Waveform file 'untitled.awc' connected to 'C:/My_Designs/lab5/src/wave.asdb'.
run
endsim
# KERNEL: stopped at time: 3050700 ns
# VSIM: Simulation has finished.
# Waveform file 'untitled.awc' connected to 'C:/My_Designs/lab5/src/parallel_register_form.asdb'.
# Waveform file 'C:/My_Designs/lab5/src/parallel_register_form.awc' connected to 'C:/My_Designs/lab5/src/parallel_register_form.asdb'.
# Waveform file 'untitled.awc' connected to 'C:/My_Designs/lab5/src/shift_form.asdb'.
# Waveform file 'C:/My_Designs/lab5/src/shift_form.awc' connected to 'C:/My_Designs/lab5/src/shift_form.asdb'.
# Waveform file 'untitled.awc' connected to 'C:/My_Designs/lab5/src/parallel_register_form.asdb'.
