  Assembling Popov.asm...
Popov.asm(5): error A2013: .MODEL must precede this directive
Popov.asm(6): error A2034: must be in segment block
Popov.asm(7): error A2034: must be in segment block
Popov.asm(9): error A2013: .MODEL must precede this directive
Popov.asm(10): error A2034: must be in segment block
Popov.asm(11): error A2013: .MODEL must precede this directive
Popov.asm(12): error A2034: must be in segment block : main
Popov.asm(14): error A2034: must be in segment block
Popov.asm(16): error A2034: must be in segment block
Popov.asm(19): error A2034: must be in segment block
Popov.asm(20): error A2034: must be in segment block
Popov.asm(21): error A2034: must be in segment block
Popov.asm(24): error A2034: must be in segment block
Popov.asm(25): error A2034: must be in segment block
Popov.asm(26): error A2034: must be in segment block
Popov.asm(27): error A2034: must be in segment block
Popov.asm(28): error A2034: must be in segment block
Popov.asm(29): error A2034: must be in segment block
Popov.asm(31): error A2034: must be in segment block
Popov.asm(33): error A2034: must be in segment block
Popov.asm(34): error A2034: must be in segment block
Popov.asm(35): fatal error A1010: unmatched block nesting : main
C:\Program Files (x86)\Microsoft Visual Studio\2019\Community\MSBuild\Microsoft\VC\v160\BuildCustomizations\masm.targets(70,5): error MSB3721: The command "ml.exe /c /nologo /Zi /Fo"Debug\Popov.obj" /W3 /errorReport:prompt  /TaPopov.asm" exited with code 1.
