Active-HDL 13.0.376.8320 2023-04-25 21:17:44

Elaboration top modules:
Architecture                  ROM(ROM)


-------------------------------------------------------------------------------------------
Entity   | Architecture | Library | Info | Compiler Version          | Compilation Options
-------------------------------------------------------------------------------------------
ROM      | ROM          | lab6    |      | 13.0.376.8320 (Windows64) | -O3
-------------------------------------------------------------------------------------------

-------------------------------------------------------------------------------------------
VHDL Package            | Library | Info | Compiler Version          | Compilation Options
-------------------------------------------------------------------------------------------
standard                | std     |      |                           | <unavailable>
TEXTIO                  | std     |      | 13.0.376.8320 (Windows64) |  -2019
std_logic_1164          | ieee    |      | 13.0.376.8320 (Windows64) |  -2008
NUMERIC_STD             | ieee    |      | 13.0.376.8320 (Windows64) |  -2008
-------------------------------------------------------------------------------------------

-------------------------------------------------------------------------------------------
Library                 | Comment
-------------------------------------------------------------------------------------------
ieee                    | Standard IEEE packages library
lab6                    | None
std                     | Standard VHDL library
-------------------------------------------------------------------------------------------


Simulation Options: asim -O5 +access +r +m+ROM ROM ROM


The performance of simulation is reduced. Version Student Edition
